# JRE version: Java(TM) SE Runtime Environment (17.0.12+8) (build 17.0.12+8-LTS-286)
# Java VM: Java HotSpot(TM) 64-Bit Server VM (17.0.12+8-LTS-286, mixed mode, sharing, tiered, compressed oops, compressed class ptrs, g1 gc, windows-amd64)
GC Precious Log:
 CPUs: 8 total, 8 available
 Memory: 7959M
 Large Page Support: Disabled
 NUMA Support: Disabled
 Compressed Oops: Enabled (32-bit)
 Heap Region Size: 1M
 Heap Min Capacity: 8M
 Heap Initial Capacity: 126M
 Heap Max Capacity: 2G
 Pre-touch: Disabled
 Parallel Workers: 8
 Concurrent Workers: 2
 Concurrent Refinement Workers: 8
 Periodic GC: Disabled
Heap:
 garbage-first heap   total 377856K, used 307453K [0x0000000080000000, 0x0000000100000000)
  region size 1024K, 8 young (8192K), 2 survivors (2048K)
 Metaspace       used 132293K, committed 134144K, reserved 557056K
  class space    used 18230K, committed 19072K, reserved 425984K
GC Heap History (20 events):
Event: 62.637 GC heap before
{Heap before GC invocations=93 (full 0):
 garbage-first heap   total 377856K, used 327790K [0x0000000080000000, 0x0000000100000000)
  region size 1024K, 44 young (45056K), 5 survivors (5120K)
 Metaspace       used 125575K, committed 127360K, reserved 557056K
  class space    used 17480K, committed 18304K, reserved 425984K
}
Event: 62.642 GC heap after
{Heap after GC invocations=94 (full 0):
 garbage-first heap   total 377856K, used 289878K [0x0000000080000000, 0x0000000100000000)
  region size 1024K, 4 young (4096K), 4 survivors (4096K)
 Metaspace       used 125575K, committed 127360K, reserved 557056K
  class space    used 17480K, committed 18304K, reserved 425984K
}
Event: 62.859 GC heap before
{Heap before GC invocations=94 (full 0):
 garbage-first heap   total 377856K, used 328790K [0x0000000080000000, 0x0000000100000000)
  region size 1024K, 43 young (44032K), 4 survivors (4096K)
 Metaspace       used 125586K, committed 127360K, reserved 557056K
  class space    used 17480K, committed 18304K, reserved 425984K
}
Event: 62.865 GC heap after
{Heap after GC invocations=95 (full 0):
 garbage-first heap   total 377856K, used 291052K [0x0000000080000000, 0x0000000100000000)
  region size 1024K, 5 young (5120K), 5 survivors (5120K)
 Metaspace       used 125586K, committed 127360K, reserved 557056K
  class space    used 17480K, committed 18304K, reserved 425984K
}
Event: 63.501 GC heap before
{Heap before GC invocations=95 (full 0):
 garbage-first heap   total 377856K, used 334060K [0x0000000080000000, 0x0000000100000000)
  region size 1024K, 43 young (44032K), 5 survivors (5120K)
 Metaspace       used 127407K, committed 129088K, reserved 557056K
  class space    used 17634K, committed 18432K, reserved 425984K
}
Event: 63.507 GC heap after
{Heap after GC invocations=96 (full 0):
 garbage-first heap   total 377856K, used 292710K [0x0000000080000000, 0x0000000100000000)
  region size 1024K, 3 young (3072K), 3 survivors (3072K)
 Metaspace       used 127407K, committed 129088K, reserved 557056K
  class space    used 17634K, committed 18432K, reserved 425984K
}
Event: 64.868 GC heap before
{Heap before GC invocations=96 (full 0):
 garbage-first heap   total 377856K, used 329574K [0x0000000080000000, 0x0000000100000000)
  region size 1024K, 40 young (40960K), 3 survivors (3072K)
 Metaspace       used 128842K, committed 130624K, reserved 557056K
  class space    used 17803K, committed 18624K, reserved 425984K
}
Event: 64.874 GC heap after
{Heap after GC invocations=97 (full 0):
 garbage-first heap   total 377856K, used 294836K [0x0000000080000000, 0x0000000100000000)
  region size 1024K, 4 young (4096K), 4 survivors (4096K)
 Metaspace       used 128842K, committed 130624K, reserved 557056K
  class space    used 17803K, committed 18624K, reserved 425984K
}
Event: 106.654 GC heap before
{Heap before GC invocations=97 (full 0):
 garbage-first heap   total 377856K, used 328628K [0x0000000080000000, 0x0000000100000000)
  region size 1024K, 38 young (38912K), 4 survivors (4096K)
 Metaspace       used 129200K, committed 131008K, reserved 557056K
  class space    used 17838K, committed 18688K, reserved 425984K
}
Event: 106.661 GC heap after
{Heap after GC invocations=98 (full 0):
 garbage-first heap   total 377856K, used 295835K [0x0000000080000000, 0x0000000100000000)
  region size 1024K, 2 young (2048K), 2 survivors (2048K)
 Metaspace       used 129200K, committed 131008K, reserved 557056K
  class space    used 17838K, committed 18688K, reserved 425984K
}
Event: 108.155 GC heap before
{Heap before GC invocations=98 (full 0):
 garbage-first heap   total 377856K, used 329627K [0x0000000080000000, 0x0000000100000000)
  region size 1024K, 36 young (36864K), 2 survivors (2048K)
 Metaspace       used 129468K, committed 131264K, reserved 557056K
  class space    used 17867K, committed 18688K, reserved 425984K
}
Event: 108.159 GC heap after
{Heap after GC invocations=99 (full 0):
 garbage-first heap   total 377856K, used 298098K [0x0000000080000000, 0x0000000100000000)
  region size 1024K, 4 young (4096K), 4 survivors (4096K)
 Metaspace       used 129468K, committed 131264K, reserved 557056K
  class space    used 17867K, committed 18688K, reserved 425984K
}
Event: 178.339 GC heap before
{Heap before GC invocations=99 (full 0):
 garbage-first heap   total 377856K, used 329842K [0x0000000080000000, 0x0000000100000000)
  region size 1024K, 36 young (36864K), 4 survivors (4096K)
 Metaspace       used 131563K, committed 133376K, reserved 557056K
  class space    used 18155K, committed 19008K, reserved 425984K
}
Event: 178.397 GC heap after
{Heap after GC invocations=100 (full 0):
 garbage-first heap   total 377856K, used 300867K [0x0000000080000000, 0x0000000100000000)
  region size 1024K, 3 young (3072K), 3 survivors (3072K)
 Metaspace       used 131563K, committed 133376K, reserved 557056K
  class space    used 18155K, committed 19008K, reserved 425984K
}
Event: 265.228 GC heap before
{Heap before GC invocations=100 (full 0):
 garbage-first heap   total 377856K, used 331587K [0x0000000080000000, 0x0000000100000000)
  region size 1024K, 33 young (33792K), 3 survivors (3072K)
 Metaspace       used 132032K, committed 133888K, reserved 557056K
  class space    used 18225K, committed 19072K, reserved 425984K
}
Event: 265.284 GC heap after
{Heap after GC invocations=101 (full 0):
 garbage-first heap   total 377856K, used 301703K [0x0000000080000000, 0x0000000100000000)
  region size 1024K, 1 young (1024K), 1 survivors (1024K)
 Metaspace       used 132032K, committed 133888K, reserved 557056K
  class space    used 18225K, committed 19072K, reserved 425984K
}
Event: 1667.226 GC heap before
{Heap before GC invocations=101 (full 0):
 garbage-first heap   total 377856K, used 331399K [0x0000000080000000, 0x0000000100000000)
  region size 1024K, 31 young (31744K), 1 survivors (1024K)
 Metaspace       used 132188K, committed 134080K, reserved 557056K
  class space    used 18225K, committed 19072K, reserved 425984K
}
Event: 1667.294 GC heap after
{Heap after GC invocations=102 (full 0):
 garbage-first heap   total 377856K, used 301376K [0x0000000080000000, 0x0000000100000000)
  region size 1024K, 1 young (1024K), 1 survivors (1024K)
 Metaspace       used 132188K, committed 134080K, reserved 557056K
  class space    used 18225K, committed 19072K, reserved 425984K
}
Event: 1820.834 GC heap before
{Heap before GC invocations=102 (full 0):
 garbage-first heap   total 377856K, used 333120K [0x0000000080000000, 0x0000000100000000)
  region size 1024K, 32 young (32768K), 1 survivors (1024K)
 Metaspace       used 132262K, committed 134144K, reserved 557056K
  class space    used 18230K, committed 19072K, reserved 425984K
}
Event: 1820.859 GC heap after
{Heap after GC invocations=103 (full 0):
 garbage-first heap   total 377856K, used 302333K [0x0000000080000000, 0x0000000100000000)
  region size 1024K, 2 young (2048K), 2 survivors (2048K)
 Metaspace       used 132262K, committed 134144K, reserved 557056K
  class space    used 18230K, committed 19072K, reserved 425984K
}

